<?xml version="1.0" encoding="UTF-8"?>
<!-- Generated by org.testng.reporters.JUnitReportReporter -->
<testsuite hostname="DESKTOP-45D2DID" failures="0" tests="3" name="vagrant_test.trial2" time="0.042" errors="0" timestamp="2022-09-14T19:18:37 IST" skipped="0">
  <testcase classname="vagrant_test.trial2" name="FourForeginPlayer" time="0.012"/>
  <system-out/>
  <testcase classname="vagrant_test.trial2" name="method" time="0.022"/>
  <system-out/>
  <testcase classname="vagrant_test.trial2" name="OneWicketKeeper" time="0.008"/>
  <system-out/>
</testsuite> <!-- vagrant_test.trial2 -->
