<?xml version="1.0" encoding="UTF-8"?>
<!-- Generated by org.testng.reporters.JUnitReportReporter -->
<testsuite hostname="DESKTOP-45D2DID" failures="0" tests="11" name="vagrant_test.assingment" time="0.051" errors="0" timestamp="2022-09-14T16:13:10 IST" skipped="0">
  <testcase classname="vagrant_test.assingment" name="FourForeginPlayer" time="0.010"/>
  <system-out/>
  <testcase classname="vagrant_test.assingment" name="FourForeginPlayer" time="0.007"/>
  <system-out/>
  <testcase classname="vagrant_test.assingment" name="FourForeginPlayer" time="0.002"/>
  <system-out/>
  <testcase classname="vagrant_test.assingment" name="FourForeginPlayer" time="0.004"/>
  <system-out/>
  <testcase classname="vagrant_test.assingment" name="FourForeginPlayer" time="0.003"/>
  <system-out/>
  <testcase classname="vagrant_test.assingment" name="FourForeginPlayer" time="0.005"/>
  <system-out/>
  <testcase classname="vagrant_test.assingment" name="FourForeginPlayer" time="0.002"/>
  <system-out/>
  <testcase classname="vagrant_test.assingment" name="FourForeginPlayer" time="0.004"/>
  <system-out/>
  <testcase classname="vagrant_test.assingment" name="FourForeginPlayer" time="0.006"/>
  <system-out/>
  <testcase classname="vagrant_test.assingment" name="FourForeginPlayer" time="0.006"/>
  <system-out/>
  <testcase classname="vagrant_test.assingment" name="FourForeginPlayer" time="0.002"/>
  <system-out/>
</testsuite> <!-- vagrant_test.assingment -->
