<?xml version="1.0" encoding="UTF-8"?>
<!-- Generated by org.testng.reporters.JUnitReportReporter -->
<testsuite hostname="DESKTOP-45D2DID" failures="0" tests="2" name="vagrant_test.trial" time="0.013" errors="0" timestamp="2022-09-14T19:21:44 IST" skipped="0">
  <testcase classname="vagrant_test.trial" name="OneWicketKeeper" time="0.003"/>
  <system-out/>
  <testcase classname="vagrant_test.trial" name="FourForeginPlayer" time="0.010"/>
  <system-out/>
</testsuite> <!-- vagrant_test.trial -->
