<?xml version="1.0" encoding="UTF-8"?>
<!-- Generated by org.testng.reporters.JUnitReportReporter -->
<testsuite hostname="DESKTOP-45D2DID" failures="0" tests="2" name="vagrant_test.TestVagrant" time="0.043" errors="0" timestamp="2022-09-14T20:39:46 IST" skipped="0">
  <testcase classname="vagrant_test.TestVagrant" name="FourForeginPlayer" time="0.041"/>
  <system-out/>
  <testcase classname="vagrant_test.TestVagrant" name="OneWicketKeeper" time="0.002"/>
  <system-out/>
</testsuite> <!-- vagrant_test.TestVagrant -->
